<?xml version="1.0" encoding="UTF-8"?>
<!-- Generated by org.testng.reporters.JUnitXMLReporter -->
<testsuite ignored="1" hostname="DESKTOP-5DKC90P" failures="0" tests="2" name="Test" time="12.564" errors="0" timestamp="2021-10-12T13:37:49 IST">
  <testcase classname="google.Gmail" name="initilizeGoogle" time="3.566"/>
  <testcase classname="google.Gmail" name="initilizeGmail" time="5.643"/>
  <testcase classname="resources.Base" name="@BeforeTest initilizeDriver" time="0.0">
    <ignored/>
  </testcase> <!-- @BeforeTest initilizeDriver -->
</testsuite> <!-- Test -->
