<?xml version="1.0" encoding="UTF-8"?>
<!-- Generated by org.testng.reporters.JUnitXMLReporter -->
<testsuite ignored="1" hostname="DESKTOP-5DKC90P" failures="0" tests="2" name="Test" time="24.629" errors="0" timestamp="2021-10-14T21:40:06 IST">
  <testcase classname="google.Gmail" name="initilizeGoogle" time="3.561"/>
  <testcase classname="google.Gmail" name="initilizeGmail" time="6.733"/>
  <testcase classname="resources.Base" name="@BeforeTest initilizeDriver" time="0.0">
    <ignored/>
  </testcase> <!-- @BeforeTest initilizeDriver -->
</testsuite> <!-- Test -->
