<?xml version="1.0" encoding="UTF-8"?>
<!-- Generated by org.testng.reporters.JUnitXMLReporter -->
<testsuite hostname="DESKTOP-5DKC90P" ignored="1" name="Test" tests="2" failures="0" timestamp="2021-10-14T15:54:26 IST" time="28.745" errors="0">
  <testcase name="initilizeGoogle" time="4.061" classname="google.Gmail"/>
  <testcase name="initilizeGmail" time="4.95" classname="google.Gmail"/>
  <testcase name="@BeforeTest initilizeDriver" time="0.0" classname="resources.Base">
    <ignored/>
  </testcase> <!-- @BeforeTest initilizeDriver -->
</testsuite> <!-- Test -->
