<?xml version="1.0" encoding="UTF-8"?>
<!-- Generated by org.testng.reporters.JUnitXMLReporter -->
<testsuite hostname="DESKTOP-5DKC90P" ignored="1" name="Test" tests="2" failures="0" timestamp="2021-10-14T16:18:21 IST" time="28.677" errors="0">
  <testcase name="initilizeGoogle" time="6.277" classname="google.Gmail"/>
  <testcase name="initilizeGmail" time="16.337" classname="google.Gmail"/>
  <testcase name="@BeforeTest initilizeDriver" time="0.0" classname="resources.Base">
    <ignored/>
  </testcase> <!-- @BeforeTest initilizeDriver -->
</testsuite> <!-- Test -->
