<?xml version="1.0" encoding="UTF-8"?>
<testng-results ignored="1" total="3" passed="2" failed="0" skipped="0">
  <reporter-output>
  </reporter-output>
  <suite started-at="2021-10-12T13:37:36 IST" name="Suite" finished-at="2021-10-12T13:37:49 IST" duration-ms="12564">
    <groups>
    </groups>
    <test started-at="2021-10-12T13:37:36 IST" name="Test" finished-at="2021-10-12T13:37:49 IST" duration-ms="12564">
      <class name="google.Gmail">
        <test-method signature="initilizeGoogle()[pri:0, instance:google.Gmail@d29f28]" started-at="2021-10-12T13:37:39 IST" name="initilizeGoogle" finished-at="2021-10-12T13:37:43 IST" duration-ms="3566" status="PASS">
          <reporter-output>
          </reporter-output>
        </test-method> <!-- initilizeGoogle -->
        <test-method signature="initilizeGmail()[pri:1, instance:google.Gmail@d29f28]" started-at="2021-10-12T13:37:43 IST" name="initilizeGmail" finished-at="2021-10-12T13:37:49 IST" duration-ms="5643" status="PASS">
          <reporter-output>
          </reporter-output>
        </test-method> <!-- initilizeGmail -->
      </class> <!-- google.Gmail -->
      <class name="resources.Base">
        <test-method is-config="true" signature="initilizeDriver()[pri:0, instance:resources.Base@306f16f3]" started-at="2021-10-12T13:37:36 IST" name="initilizeDriver" finished-at="2021-10-12T13:37:39 IST" duration-ms="3249" status="PASS">
          <reporter-output>
          </reporter-output>
        </test-method> <!-- initilizeDriver -->
      </class> <!-- resources.Base -->
    </test> <!-- Test -->
  </suite> <!-- Suite -->
</testng-results>
