<?xml version="1.0" encoding="UTF-8"?>
<testng-results ignored="0" total="2" passed="2" failed="0" skipped="0">
  <reporter-output>
  </reporter-output>
  <suite started-at="2021-10-14T21:57:00 IST" name="Default suite" finished-at="2021-10-14T21:57:10 IST" duration-ms="9525">
    <groups>
    </groups>
    <test started-at="2021-10-14T21:57:00 IST" name="Default test" finished-at="2021-10-14T21:57:10 IST" duration-ms="9525">
      <class name="google.Gmail">
        <test-method is-config="true" signature="initilizeDriver()[pri:0, instance:google.Gmail@6c130c45]" started-at="2021-10-14T21:57:00 IST" name="initilizeDriver" finished-at="2021-10-14T21:57:04 IST" duration-ms="3980" status="PASS">
          <reporter-output>
          </reporter-output>
        </test-method> <!-- initilizeDriver -->
        <test-method signature="initilizeGoogle()[pri:0, instance:google.Gmail@6c130c45]" started-at="2021-10-14T21:57:04 IST" name="initilizeGoogle" finished-at="2021-10-14T21:57:06 IST" duration-ms="2117" status="PASS">
          <reporter-output>
          </reporter-output>
        </test-method> <!-- initilizeGoogle -->
        <test-method signature="initilizeGmail()[pri:1, instance:google.Gmail@6c130c45]" started-at="2021-10-14T21:57:06 IST" name="initilizeGmail" finished-at="2021-10-14T21:57:10 IST" duration-ms="3345" status="PASS">
          <reporter-output>
          </reporter-output>
        </test-method> <!-- initilizeGmail -->
      </class> <!-- google.Gmail -->
    </test> <!-- Default test -->
  </suite> <!-- Default suite -->
</testng-results>
